<?xml version="1.0" encoding="UTF-8"?>
<!-- Generated by org.testng.reporters.JUnitReportReporter -->
<testsuite hostname="LAPTOP-C2RA5JIE" failures="0" tests="1" name="sri.MavenTest.NewTest" time="6.449" errors="0" timestamp="2019-12-14T22:43:22 EST" skipped="0">
  <testcase classname="sri.MavenTest.NewTest" name="launchBrowser" time="6.449"/>
</testsuite> <!-- sri.MavenTest.NewTest -->
